# JRE version: OpenJDK Runtime Environment (24.0.1+9) (build 24.0.1+9-30)
# Java VM: OpenJDK 64-Bit Server VM (24.0.1+9-30, mixed mode, emulated-client, sharing, tiered, compressed oops, compressed class ptrs, g1 gc, windows-amd64)
GC Precious Log:
 CardTable entry size: 512
 Card Set container configuration: InlinePtr #cards 4 size 8 Array Of Cards #cards 16 size 48 Howl #buckets 8 coarsen threshold 3686 Howl Bitmap #cards 512 size 80 coarsen threshold 460 Card regions per heap region 1 cards per card region 4096
 CPUs: 16 total, 16 available
 Memory: 16091M
 Large Page Support: Disabled
 NUMA Support: Disabled
 Compressed Oops: Enabled (Zero based)
 Heap Region Size: 2M
 Heap Min Capacity: 8M
 Heap Initial Capacity: 252M
 Heap Max Capacity: 4024M
 Pre-touch: Disabled
 Parallel Workers: 13
 Concurrent Workers: 3
 Concurrent Refinement Workers: 13
 Periodic GC: Disabled
Heap:
 garbage-first heap   total reserved 4120576K, committed 92160K, used 45626K [0x0000000704800000, 0x0000000800000000)
  region size 2048K, 6 young (12288K), 3 survivors (6144K)
 Metaspace       used 82057K, committed 82752K, reserved 1179648K
  class space    used 9373K, committed 9664K, reserved 1048576K
GC Heap History (20 events):
Event: 0.991 GC heap before
{Heap before GC invocations=4 (full 0):
 garbage-first heap   total reserved 4120576K, committed 69632K, used 47845K [0x0000000704800000, 0x0000000800000000)
  region size 2048K, 20 young (40960K), 7 survivors (14336K)
 Metaspace       used 29397K, committed 29760K, reserved 1114112K
  class space    used 3141K, committed 3264K, reserved 1048576K
}
Event: 0.998 GC heap after
{Heap after GC invocations=5 (full 0):
 garbage-first heap   total reserved 4120576K, committed 69632K, used 21030K [0x0000000704800000, 0x0000000800000000)
  region size 2048K, 2 young (4096K), 2 survivors (4096K)
 Metaspace       used 29397K, committed 29760K, reserved 1114112K
  class space    used 3141K, committed 3264K, reserved 1048576K
}
Event: 1.111 GC heap before
{Heap before GC invocations=5 (full 0):
 garbage-first heap   total reserved 4120576K, committed 69632K, used 33318K [0x0000000704800000, 0x0000000800000000)
  region size 2048K, 9 young (18432K), 2 survivors (4096K)
 Metaspace       used 31176K, committed 31488K, reserved 1114112K
  class space    used 3316K, committed 3456K, reserved 1048576K
}
Event: 1.114 GC heap after
{Heap after GC invocations=6 (full 0):
 garbage-first heap   total reserved 4120576K, committed 69632K, used 21484K [0x0000000704800000, 0x0000000800000000)
  region size 2048K, 2 young (4096K), 2 survivors (4096K)
 Metaspace       used 31176K, committed 31488K, reserved 1114112K
  class space    used 3316K, committed 3456K, reserved 1048576K
}
Event: 1.401 GC heap before
{Heap before GC invocations=7 (full 0):
 garbage-first heap   total reserved 4120576K, committed 69632K, used 52204K [0x0000000704800000, 0x0000000800000000)
  region size 2048K, 17 young (34816K), 2 survivors (4096K)
 Metaspace       used 35736K, committed 36224K, reserved 1114112K
  class space    used 3901K, committed 4096K, reserved 1048576K
}
Event: 1.406 GC heap after
{Heap after GC invocations=8 (full 0):
 garbage-first heap   total reserved 4120576K, committed 69632K, used 24447K [0x0000000704800000, 0x0000000800000000)
  region size 2048K, 2 young (4096K), 2 survivors (4096K)
 Metaspace       used 35736K, committed 36224K, reserved 1114112K
  class space    used 3901K, committed 4096K, reserved 1048576K
}
Event: 1.674 GC heap before
{Heap before GC invocations=8 (full 0):
 garbage-first heap   total reserved 4120576K, committed 69632K, used 53119K [0x0000000704800000, 0x0000000800000000)
  region size 2048K, 17 young (34816K), 2 survivors (4096K)
 Metaspace       used 41499K, committed 41920K, reserved 1114112K
  class space    used 4481K, committed 4672K, reserved 1048576K
}
Event: 1.683 GC heap after
{Heap after GC invocations=9 (full 0):
 garbage-first heap   total reserved 4120576K, committed 69632K, used 26662K [0x0000000704800000, 0x0000000800000000)
  region size 2048K, 3 young (6144K), 3 survivors (6144K)
 Metaspace       used 41499K, committed 41920K, reserved 1114112K
  class space    used 4481K, committed 4672K, reserved 1048576K
}
Event: 1.964 GC heap before
{Heap before GC invocations=9 (full 0):
 garbage-first heap   total reserved 4120576K, committed 69632K, used 55334K [0x0000000704800000, 0x0000000800000000)
  region size 2048K, 17 young (34816K), 3 survivors (6144K)
 Metaspace       used 48649K, committed 49152K, reserved 1114112K
  class space    used 5360K, committed 5568K, reserved 1048576K
}
Event: 1.970 GC heap after
{Heap after GC invocations=10 (full 0):
 garbage-first heap   total reserved 4120576K, committed 92160K, used 28829K [0x0000000704800000, 0x0000000800000000)
  region size 2048K, 3 young (6144K), 3 survivors (6144K)
 Metaspace       used 48649K, committed 49152K, reserved 1114112K
  class space    used 5360K, committed 5568K, reserved 1048576K
}
Event: 2.120 GC heap before
{Heap before GC invocations=10 (full 0):
 garbage-first heap   total reserved 4120576K, committed 92160K, used 39069K [0x0000000704800000, 0x0000000800000000)
  region size 2048K, 9 young (18432K), 3 survivors (6144K)
 Metaspace       used 52113K, committed 52608K, reserved 1114112K
  class space    used 5732K, committed 5952K, reserved 1048576K
}
Event: 2.125 GC heap after
{Heap after GC invocations=11 (full 0):
 garbage-first heap   total reserved 4120576K, committed 92160K, used 29444K [0x0000000704800000, 0x0000000800000000)
  region size 2048K, 2 young (4096K), 2 survivors (4096K)
 Metaspace       used 52113K, committed 52608K, reserved 1114112K
  class space    used 5732K, committed 5952K, reserved 1048576K
}
Event: 2.613 GC heap before
{Heap before GC invocations=12 (full 0):
 garbage-first heap   total reserved 4120576K, committed 92160K, used 74500K [0x0000000704800000, 0x0000000800000000)
  region size 2048K, 24 young (49152K), 2 survivors (4096K)
 Metaspace       used 64487K, committed 64960K, reserved 1114112K
  class space    used 7170K, committed 7360K, reserved 1048576K
}
Event: 2.618 GC heap after
{Heap after GC invocations=13 (full 0):
 garbage-first heap   total reserved 4120576K, committed 92160K, used 31141K [0x0000000704800000, 0x0000000800000000)
  region size 2048K, 3 young (6144K), 3 survivors (6144K)
 Metaspace       used 64487K, committed 64960K, reserved 1114112K
  class space    used 7170K, committed 7360K, reserved 1048576K
}
Event: 3.042 GC heap before
{Heap before GC invocations=13 (full 0):
 garbage-first heap   total reserved 4120576K, committed 92160K, used 78245K [0x0000000704800000, 0x0000000800000000)
  region size 2048K, 26 young (53248K), 3 survivors (6144K)
 Metaspace       used 71859K, committed 72512K, reserved 1114112K
  class space    used 8038K, committed 8320K, reserved 1048576K
}
Event: 3.047 GC heap after
{Heap after GC invocations=14 (full 0):
 garbage-first heap   total reserved 4120576K, committed 92160K, used 35078K [0x0000000704800000, 0x0000000800000000)
  region size 2048K, 4 young (8192K), 4 survivors (8192K)
 Metaspace       used 71859K, committed 72512K, reserved 1114112K
  class space    used 8038K, committed 8320K, reserved 1048576K
}
Event: 8.264 GC heap before
{Heap before GC invocations=14 (full 0):
 garbage-first heap   total reserved 4120576K, committed 92160K, used 76038K [0x0000000704800000, 0x0000000800000000)
  region size 2048K, 24 young (49152K), 4 survivors (8192K)
 Metaspace       used 76668K, committed 77376K, reserved 1179648K
  class space    used 8657K, committed 8960K, reserved 1048576K
}
Event: 8.270 GC heap after
{Heap after GC invocations=15 (full 0):
 garbage-first heap   total reserved 4120576K, committed 92160K, used 37794K [0x0000000704800000, 0x0000000800000000)
  region size 2048K, 2 young (4096K), 2 survivors (4096K)
 Metaspace       used 76668K, committed 77376K, reserved 1179648K
  class space    used 8657K, committed 8960K, reserved 1048576K
}
Event: 118.859 GC heap before
{Heap before GC invocations=15 (full 0):
 garbage-first heap   total reserved 4120576K, committed 92160K, used 76706K [0x0000000704800000, 0x0000000800000000)
  region size 2048K, 22 young (45056K), 2 survivors (4096K)
 Metaspace       used 81834K, committed 82560K, reserved 1179648K
  class space    used 9349K, committed 9664K, reserved 1048576K
}
Event: 118.864 GC heap after
{Heap after GC invocations=16 (full 0):
 garbage-first heap   total reserved 4120576K, committed 92160K, used 41530K [0x0000000704800000, 0x0000000800000000)
  region size 2048K, 3 young (6144K), 3 survivors (6144K)
 Metaspace       used 81834K, committed 82560K, reserved 1179648K
  class space    used 9349K, committed 9664K, reserved 1048576K
}

